

Microchip Technology PIC LITE Macro Assembler V1.32 build 58300 
                                                                                               Fri Aug 29 11:41:21 2014

Microchip Technology Omniscient Code Generator (Lite mode) build 58300
     1                           	processor	16F628A
     2                           	opt	pw 120
     3                           	opt	lm
     4                           	psect	strings,global,class=STRING,delta=2
     5                           	psect	cinit,global,class=CODE,merge=1,delta=2
     6                           	psect	bssCOMMON,global,class=COMMON,space=1,delta=1
     7                           	psect	bssBANK0,global,class=BANK0,space=1,delta=1
     8                           	psect	clrtext,global,class=CODE,delta=2
     9                           	psect	cstackCOMMON,global,class=COMMON,space=1,delta=1
    10                           	psect	maintext,global,class=CODE,split=1,delta=2
    11                           	dabs	1,0x7E,2
    12  0000                     	;# 
    13  0001                     	;# 
    14  0002                     	;# 
    15  0003                     	;# 
    16  0004                     	;# 
    17  0005                     	;# 
    18  0006                     	;# 
    19  000A                     	;# 
    20  000B                     	;# 
    21  000C                     	;# 
    22  000E                     	;# 
    23  000E                     	;# 
    24  000F                     	;# 
    25  0010                     	;# 
    26  0011                     	;# 
    27  0012                     	;# 
    28  0015                     	;# 
    29  0015                     	;# 
    30  0016                     	;# 
    31  0017                     	;# 
    32  0018                     	;# 
    33  0019                     	;# 
    34  001A                     	;# 
    35  001F                     	;# 
    36  0081                     	;# 
    37  0085                     	;# 
    38  0086                     	;# 
    39  008C                     	;# 
    40  008E                     	;# 
    41  0092                     	;# 
    42  0098                     	;# 
    43  0099                     	;# 
    44  009A                     	;# 
    45  009B                     	;# 
    46  009C                     	;# 
    47  009D                     	;# 
    48  009F                     	;# 
    49                           
    50                           	psect	strings
    51  0001                     __pstrings:	
    52  0001                     stringtab:	
    53  0001                     __stringtab:	
    54  0001                     stringcode:	
    55                           ;	String table - string pointers are 1 byte each
    56                           
    57  0001                     stringdir:	
    58  0001  3000               	movlw	high stringdir
    59  0002  008A               	movwf	10
    60  0003  0804               	movf	4,w
    61  0004  0A84               	incf	4,f
    62  0005  0782               	addwf	2,f
    63  0006                     __stringbase:	
    64  0006  3400               	retlw	0
    65  0007                     __end_of__stringtab:	
    66  0007                     _Patterns:	
    67  0007  340F               	retlw	15
    68  0008  340F               	retlw	15
    69  0009  340F               	retlw	15
    70  000A  340F               	retlw	15
    71  000B  34F0               	retlw	240
    72  000C  340F               	retlw	15
    73  000D  34F0               	retlw	240
    74  000E  340F               	retlw	15
    75  000F                     __end_of_Patterns:	
    76  001F                     _CMCON	set	31
    77  0006                     _PORTB	set	6
    78  0085                     _TRISAbits	set	133
    79  0086                     _TRISB	set	134
    80  009F                     _VRCONbits	set	159
    81                           
    82                           ; #config settings
    83  0000                     
    84                           	psect	cinit
    85  07F7                     start_initialization:	
    86  07F7                     __initialization:	
    87                           
    88                           ; Clear objects allocated to COMMON
    89  07F7  01F0               	clrf	__pbssCOMMON& (0+127)
    90  07F8  01F1               	clrf	(__pbssCOMMON+1)& (0+127)
    91                           
    92                           ; Clear objects allocated to BANK0
    93  07F9  1383               	bcf	3,7	;select IRP bank0
    94  07FA  3020               	movlw	low __pbssBANK0
    95  07FB  0084               	movwf	4
    96  07FC  3060               	movlw	low (__pbssBANK0+64)
    97  07FD  27E1               	fcall	clear_ram0
    98  07FE                     end_of_initialization:	
    99                           ;End of C runtime variable initialization code
   100                           
   101  07FE                     __end_of__initialization:	
   102  07FE  0183               	clrf	3
   103  07FF  2FE9               	ljmp	_main	;jump to C main() function
   104                           
   105                           	psect	bssCOMMON
   106  0070                     __pbssCOMMON:	
   107  0070                     _temp_X:	
   108  0070                     	ds	1
   109  0071                     _temp_Y:	
   110  0071                     	ds	1
   111                           
   112                           	psect	bssBANK0
   113  0020                     __pbssBANK0:	
   114  0020                     _video_buffer:	
   115  0020                     	ds	64
   116                           
   117                           	psect	clrtext
   118  07E1                     clear_ram0:	
   119                           ;	Called with FSR containing the base address, and
   120                           ;	W with the last address+1
   121                           
   122  07E1  0064               	clrwdt	;clear the watchdog before getting into this loop
   123  07E2                     clrloop0:	
   124  07E2  0180               	clrf	0	;clear RAM location pointed to by FSR
   125  07E3  0A84               	incf	4,f	;increment pointer
   126  07E4  0604               	xorwf	4,w	;XOR with final address
   127  07E5  1903               	btfsc	3,2	;have we reached the end yet?
   128  07E6  3400               	retlw	0	;all done for this memory range, return
   129  07E7  0604               	xorwf	4,w	;XOR again to restore value
   130  07E8  2FE2               	goto	clrloop0	;do the next byte
   131                           
   132                           	psect	cstackCOMMON
   133  0000                     __pcstackCOMMON:	
   134  0000                     ?_main:	
   135  0000                     ??_main:	
   136                           ; 0 bytes @ 0x0
   137                           
   138                           
   139                           	psect	maintext
   140  07E9                     __pmaintext:	
   141                           ; 0 bytes @ 0x0
   142 ;;
   143 ;;Main: autosize = 0, tempsize = 0, incstack = 0, save=0
   144 ;;
   145 ;; *************** function _main *****************
   146 ;; Defined at:
   147 ;;		line 21 in file "main_8x8matrixv001.c"
   148 ;; Parameters:    Size  Location     Type
   149 ;;		None
   150 ;; Auto vars:     Size  Location     Type
   151 ;;		None
   152 ;; Return value:  Size  Location     Type
   153 ;;		None               void
   154 ;; Registers used:
   155 ;;		wreg, status,2
   156 ;; Tracked objects:
   157 ;;		On entry : 17F/0
   158 ;;		On exit  : 0/0
   159 ;;		Unchanged: 0/0
   160 ;; Data sizes:     COMMON   BANK0   BANK1   BANK2
   161 ;;      Params:         0       0       0       0
   162 ;;      Locals:         0       0       0       0
   163 ;;      Temps:          0       0       0       0
   164 ;;      Totals:         0       0       0       0
   165 ;;Total ram usage:        0 bytes
   166 ;; This function calls:
   167 ;;		Nothing
   168 ;; This function is called by:
   169 ;;		Startup code after reset
   170 ;; This function uses a non-reentrant model
   171 ;;
   172                           
   173                           
   174                           ;psect for function _main
   175  07E9                     _main:	
   176                           
   177                           ;main_8x8matrixv001.c: 23: CMCON=0b111;
   178                           
   179                           ;incstack = 0
   180                           ; Regs used in _main: [wreg+status,2]
   181  07E9  3007               	movlw	7
   182  07EA  1283               	bcf	3,5	;RP0=0, select bank0
   183  07EB  1303               	bcf	3,6	;RP1=0, select bank0
   184  07EC  009F               	movwf	31	;volatile
   185                           
   186                           ;main_8x8matrixv001.c: 24: VRCONbits.VREN=0X00;
   187  07ED  1683               	bsf	3,5	;RP0=1, select bank1
   188  07EE  1303               	bcf	3,6	;RP1=0, select bank1
   189  07EF  139F               	bcf	31,7	;volatile
   190                           
   191                           ;main_8x8matrixv001.c: 25: TRISAbits.TRISA2 = 0;
   192  07F0  1105               	bcf	5,2	;volatile
   193                           
   194                           ;main_8x8matrixv001.c: 26: TRISAbits.TRISA1 = 0;
   195  07F1  1085               	bcf	5,1	;volatile
   196                           
   197                           ;main_8x8matrixv001.c: 27: TRISB = 0x00;
   198  07F2  0186               	clrf	6	;volatile
   199                           
   200                           ;main_8x8matrixv001.c: 28: PORTB = 0x00;
   201  07F3  1283               	bcf	3,5	;RP0=0, select bank0
   202  07F4  1303               	bcf	3,6	;RP1=0, select bank0
   203  07F5  0186               	clrf	6	;volatile
   204  07F6                     l21:	
   205                           ;main_8x8matrixv001.c: 31: while(1){
   206                           
   207  07F6  2FF6               	goto	l21
   208  07F7                     __end_of_main:	
   209                           ;main_8x8matrixv001.c: 34: }
   210                           ;main_8x8matrixv001.c: 35: return;
   211                           
   212  007E                     btemp	set	126	;btemp
   213  007E                     wtemp	set	126
   214  007E                     wtemp0	set	126
   215  0080                     wtemp1	set	128
   216  0082                     wtemp2	set	130
   217  0084                     wtemp3	set	132
   218  0086                     wtemp4	set	134
   219  0088                     wtemp5	set	136
   220  007F                     wtemp6	set	127
   221  007E                     ttemp	set	126
   222  007E                     ttemp0	set	126
   223  0081                     ttemp1	set	129
   224  0084                     ttemp2	set	132
   225  0087                     ttemp3	set	135
   226  007F                     ttemp4	set	127
   227  007E                     ltemp	set	126
   228  007E                     ltemp0	set	126
   229  0082                     ltemp1	set	130
   230  0086                     ltemp2	set	134
   231  0080                     ltemp3	set	128


Data Sizes:
    Strings     0
    Constant    8
    Data        0
    BSS         66
    Persistent  0
    Stack       0

Auto Spaces:
    Space          Size  Autos    Used
    COMMON           14      0       2
    BANK0            80      0      64
    BANK1            80      0       0
    BANK2            48      0       0

Pointer List with Targets:

    None.

Critical Paths under _main in COMMON

    None.

Critical Paths under _main in BANK0

    None.

Critical Paths under _main in BANK1

    None.

Critical Paths under _main in BANK2

    None.

Call Graph Tables:

 ---------------------------------------------------------------------------------
 (Depth) Function   	        Calls       Base Space   Used Autos Params    Refs
 ---------------------------------------------------------------------------------
 (0) _main                                                 0     0      0       0
 ---------------------------------------------------------------------------------
 Estimated maximum stack depth 0
 ---------------------------------------------------------------------------------

 Call Graph Graphs:

 _main (ROOT)

 Address spaces:
Name               Size   Autos  Total    Cost      Usage
BITCOMMON            E      0       0       0        0.0%
EEDATA              80      0       0       0        0.0%
NULL                 0      0       0       0        0.0%
CODE                 0      0       0       0        0.0%
COMMON               E      0       2       1       14.3%
BITSFR0              0      0       0       1        0.0%
SFR0                 0      0       0       1        0.0%
BITSFR1              0      0       0       2        0.0%
SFR1                 0      0       0       2        0.0%
STACK                0      0       0       2        0.0%
BANK0               50      0      40       3       80.0%
BITSFR3              0      0       0       4        0.0%
SFR3                 0      0       0       4        0.0%
ABS                  0      0      42       4        0.0%
BITBANK0            50      0       0       5        0.0%
BITSFR2              0      0       0       5        0.0%
SFR2                 0      0       0       5        0.0%
BITBANK1            50      0       0       6        0.0%
BANK1               50      0       0       7        0.0%
BITBANK2            30      0       0       8        0.0%
BANK2               30      0       0       9        0.0%
DATA                 0      0      42      10        0.0%


Microchip Technology PIC Macro Assembler V1.32 build 58300 
Symbol Table                                                                                   Fri Aug 29 11:41:21 2014

                      pc 0002              __CFG_CP$OFF 0000                       l21 07F6  
                     fsr 0004             __CFG_CPD$OFF 0000                      indf 0000  
           __CFG_LVP$OFF 0000                     _main 07E9                     btemp 007E  
                   ltemp 007E                     start 0000                     ttemp 007E  
                   wtemp 007E                    ?_main 0000            __CFG_WDTE$OFF 0000  
                  _CMCON 001F                    _PORTB 0006                    _TRISB 0086  
         __CFG_BOREN$OFF 0000                    pclath 000A                    ltemp0 007E  
                  ltemp1 0082                    ltemp2 0086                    ltemp3 0080  
                  ttemp0 007E                    ttemp1 0081                    ttemp2 0084  
                  ttemp3 0087                    ttemp4 007F                    status 0003  
                  wtemp0 007E                    wtemp1 0080                    wtemp2 0082  
                  wtemp3 0084                    wtemp4 0086                    wtemp5 0088  
                  wtemp6 007F           __CFG_MCLRE$OFF 0000          __initialization 07F7  
           __end_of_main 07F7                   ??_main 0000         __end_of_Patterns 000F  
         __CFG_PWRTE$OFF 0000                   _temp_X 0070                   _temp_Y 0071  
__end_of__initialization 07FE           __pcstackCOMMON 0000               __pbssBANK0 0020  
             __pmaintext 07E9               __stringtab 0001                  clrloop0 07E2  
   end_of_initialization 07FE                _TRISAbits 0085                _VRCONbits 009F  
    start_initialization 07F7              __pbssCOMMON 0070                ___latbits 0000  
              __pstrings 0001                clear_ram0 07E1              __stringbase 0006  
               _Patterns 0007       __end_of__stringtab 0007            __size_of_main 000E  
           _video_buffer 0020                stringcode 0001                 stringdir 0001  
               stringtab 0001       __CFG_FOSC$INTOSCIO 0000  
